<?xml version="1.0" encoding="UTF-8"?>
<testng-results ignored="0" total="4" passed="4" failed="0" skipped="0">
  <reporter-output>
  </reporter-output>
  <suite started-at="2022-04-14T23:55:00 IST" name="All Test Suite" finished-at="2022-04-14T23:55:00 IST" duration-ms="268">
    <groups>
    </groups>
    <test started-at="2022-04-14T23:55:00 IST" name="C:/Users/navya/Desktop/MavenProject" finished-at="2022-04-14T23:55:00 IST" duration-ms="268">
      <class name="qaclickacademy.AppiumTest">
        <test-method signature="IOSApp()[pri:0, instance:qaclickacademy.AppiumTest@e056f20]" started-at="2022-04-14T23:55:00 IST" name="IOSApp" finished-at="2022-04-14T23:55:00 IST" duration-ms="18" status="PASS">
          <reporter-output>
          </reporter-output>
        </test-method> <!-- IOSApp -->
        <test-method signature="NativeAPAndriod()[pri:0, instance:qaclickacademy.AppiumTest@e056f20]" started-at="2022-04-14T23:55:00 IST" name="NativeAPAndriod" finished-at="2022-04-14T23:55:00 IST" duration-ms="8" status="PASS">
          <reporter-output>
          </reporter-output>
        </test-method> <!-- NativeAPAndriod -->
      </class> <!-- qaclickacademy.AppiumTest -->
      <class name="qaclickacademy.RestAPITest">
        <test-method signature="deleteTwitter()[pri:0, instance:qaclickacademy.RestAPITest@9225652]" started-at="2022-04-14T23:55:00 IST" name="deleteTwitter" finished-at="2022-04-14T23:55:00 IST" duration-ms="2" status="PASS">
          <reporter-output>
          </reporter-output>
        </test-method> <!-- deleteTwitter -->
        <test-method signature="postJira()[pri:0, instance:qaclickacademy.RestAPITest@9225652]" started-at="2022-04-14T23:55:00 IST" name="postJira" finished-at="2022-04-14T23:55:00 IST" duration-ms="4" status="PASS">
          <reporter-output>
          </reporter-output>
        </test-method> <!-- postJira -->
      </class> <!-- qaclickacademy.RestAPITest -->
    </test> <!-- C:/Users/navya/Desktop/MavenProject -->
  </suite> <!-- All Test Suite -->
</testng-results>
